This is pdfTeX, Version 3.14159265-2.6-1.40.21 (MiKTeX 20.10) (preloaded format=pdflatex 2020.11.11)  31 DEC 2020 15:46
entering extended mode
**./Main.tex
(Main.tex
LaTeX2e <2020-10-01> patch level 2
L3 programming layer <2020-10-27> xparse <2020-03-03> (article.cls
Document Class: article 2004/02/16 v1.4f Standard LaTeX document class
(C:\Users\irischloss\AppData\Local\Programs\MiKTeX\tex/latex/base\size10.clo
File: size10.clo 2020/04/10 v1.4m Standard LaTeX file (size option)
)
\c@part=\count175
\c@section=\count176
\c@subsection=\count177
\c@subsubsection=\count178
\c@paragraph=\count179
\c@subparagraph=\count180
\c@figure=\count181
\c@table=\count182
\abovecaptionskip=\skip47
\belowcaptionskip=\skip48
\bibindent=\dimen138
)
(C:\Users\irischloss\AppData\Local\Programs\MiKTeX\tex/latex/cite\cite.sty
LaTeX Info: Redefining \cite on input line 302.
LaTeX Info: Redefining \nocite on input line 332.
Package: cite 2015/02/27  v 5.5
)
(Latex-document.sty
(C:\Users\irischloss\AppData\Local\Programs\MiKTeX\tex/latex/fancyhdr\fancyhdr.
sty
Package: fancyhdr 2019/01/31 v3.10 Extensive control of page headers and footer
s
\f@nch@headwidth=\skip49
\f@nch@O@elh=\skip50
\f@nch@O@erh=\skip51
\f@nch@O@olh=\skip52
\f@nch@O@orh=\skip53
\f@nch@O@elf=\skip54
\f@nch@O@erf=\skip55
\f@nch@O@olf=\skip56
\f@nch@O@orf=\skip57
)
(C:\Users\irischloss\AppData\Local\Programs\MiKTeX\tex/latex/graphics\graphicx.
sty
Package: graphicx 2020/09/09 v1.2b Enhanced LaTeX Graphics (DPC,SPQR)

(C:\Users\irischloss\AppData\Local\Programs\MiKTeX\tex/latex/graphics\keyval.st
y
Package: keyval 2014/10/28 v1.15 key=value parser (DPC)
\KV@toks@=\toks15
)
(C:\Users\irischloss\AppData\Local\Programs\MiKTeX\tex/latex/graphics\graphics.
sty
Package: graphics 2020/08/30 v1.4c Standard LaTeX Graphics (DPC,SPQR)

(C:\Users\irischloss\AppData\Local\Programs\MiKTeX\tex/latex/graphics\trig.sty
Package: trig 2016/01/03 v1.10 sin cos tan (DPC)
)
(C:\Users\irischloss\AppData\Local\Programs\MiKTeX\tex/latex/graphics-cfg\graph
ics.cfg
File: graphics.cfg 2016/06/04 v1.11 sample graphics configuration
)
Package graphics Info: Driver file: pdftex.def on input line 105.

(C:\Users\irischloss\AppData\Local\Programs\MiKTeX\tex/latex/graphics-def\pdfte
x.def
File: pdftex.def 2020/10/05 v1.2a Graphics/color driver for pdftex
))
\Gin@req@height=\dimen139
\Gin@req@width=\dimen140
)
(C:\Users\irischloss\AppData\Local\Programs\MiKTeX\tex/latex/titlesec\titlesec.
sty
Package: titlesec 2019/10/16 v2.13 Sectioning titles
\ttl@box=\box47
\beforetitleunit=\skip58
\aftertitleunit=\skip59
\ttl@plus=\dimen141
\ttl@minus=\dimen142
\ttl@toksa=\toks16
\titlewidth=\dimen143
\titlewidthlast=\dimen144
\titlewidthfirst=\dimen145
)
(C:\Users\irischloss\AppData\Local\Programs\MiKTeX\tex/latex/amsfonts\eucal.sty
Package: eucal 2009/06/22 v3.00 Euler Script fonts
LaTeX Font Info:    Overwriting math alphabet `\EuScript' in version `bold'
(Font)                  U/eus/m/n --> U/eus/b/n on input line 33.
)
(C:\Users\irischloss\AppData\Local\Programs\MiKTeX\tex/latex/amsmath\amsmath.st
y
Package: amsmath 2020/09/23 v2.17i AMS math features
\@mathmargin=\skip60

For additional information on amsmath, use the `?' option.

(C:\Users\irischloss\AppData\Local\Programs\MiKTeX\tex/latex/amsmath\amstext.st
y
Package: amstext 2000/06/29 v2.01 AMS text

(C:\Users\irischloss\AppData\Local\Programs\MiKTeX\tex/latex/amsmath\amsgen.sty
File: amsgen.sty 1999/11/30 v2.0 generic functions
\@emptytoks=\toks17
\ex@=\dimen146
))
(C:\Users\irischloss\AppData\Local\Programs\MiKTeX\tex/latex/amsmath\amsbsy.sty
Package: amsbsy 1999/11/29 v1.2d Bold Symbols
\pmbraise@=\dimen147
)
(C:\Users\irischloss\AppData\Local\Programs\MiKTeX\tex/latex/amsmath\amsopn.sty
Package: amsopn 2016/03/08 v2.02 operator names
)
\inf@bad=\count183
LaTeX Info: Redefining \frac on input line 234.
\uproot@=\count184
\leftroot@=\count185
LaTeX Info: Redefining \overline on input line 399.
\classnum@=\count186
\DOTSCASE@=\count187
LaTeX Info: Redefining \ldots on input line 496.
LaTeX Info: Redefining \dots on input line 499.
LaTeX Info: Redefining \cdots on input line 620.
\Mathstrutbox@=\box48
\strutbox@=\box49
\big@size=\dimen148
LaTeX Font Info:    Redeclaring font encoding OML on input line 743.
LaTeX Font Info:    Redeclaring font encoding OMS on input line 744.
\macc@depth=\count188
\c@MaxMatrixCols=\count189
\dotsspace@=\muskip16
\c@parentequation=\count190
\dspbrk@lvl=\count191
\tag@help=\toks18
\row@=\count192
\column@=\count193
\maxfields@=\count194
\andhelp@=\toks19
\eqnshift@=\dimen149
\alignsep@=\dimen150
\tagshift@=\dimen151
\tagwidth@=\dimen152
\totwidth@=\dimen153
\lineht@=\dimen154
\@envbody=\toks20
\multlinegap=\skip61
\multlinetaggap=\skip62
\mathdisplay@stack=\toks21
LaTeX Info: Redefining \[ on input line 2923.
LaTeX Info: Redefining \] on input line 2924.
)
(C:\Users\irischloss\AppData\Local\Programs\MiKTeX\tex/latex/amsfonts\amssymb.s
ty
Package: amssymb 2013/01/14 v3.01 AMS font symbols

(C:\Users\irischloss\AppData\Local\Programs\MiKTeX\tex/latex/amsfonts\amsfonts.
sty
Package: amsfonts 2013/01/14 v3.01 Basic AMSFonts support
\symAMSa=\mathgroup4
\symAMSb=\mathgroup5
LaTeX Font Info:    Redeclaring math symbol \hbar on input line 98.
LaTeX Font Info:    Overwriting math alphabet `\mathfrak' in version `bold'
(Font)                  U/euf/m/n --> U/euf/b/n on input line 106.
))
(C:\Users\irischloss\AppData\Local\Programs\MiKTeX\tex/latex/base\latexsym.sty
Package: latexsym 1998/08/17 v2.2e Standard LaTeX package (lasy symbols)
\symlasy=\mathgroup6
LaTeX Font Info:    Overwriting symbol font `lasy' in version `bold'
(Font)                  U/lasy/m/n --> U/lasy/b/n on input line 52.
) (C:\Users\irischloss\AppData\Local\Programs\MiKTeX\tex/latex/tools\array.sty
Package: array 2019/08/31 v2.4l Tabular extension package (FMi)
\col@sep=\dimen155
\ar@mcellbox=\box50
\extrarowheight=\dimen156
\NC@list=\toks22
\extratabsurround=\skip63
\backup@length=\skip64
\ar@cellbox=\box51
)
(C:\Users\irischloss\AppData\Local\Programs\MiKTeX\tex/generic/xypic\xy.sty
(C:\Users\irischloss\AppData\Local\Programs\MiKTeX\tex/generic/xypic\xy.tex
Bootstrap'ing: catcodes, docmode,
(C:\Users\irischloss\AppData\Local\Programs\MiKTeX\tex/generic/xypic\xyrecat.te
x)
(C:\Users\irischloss\AppData\Local\Programs\MiKTeX\tex/generic/xypic\xyidioms.t
ex)

 Xy-pic version 3.8.9 <2013/10/06>
 Copyright (c) 1991-2013 by Kristoffer H. Rose <krisrose@tug.org> and others
 Xy-pic is free software: see the User's Guide for details.

Loading kernel: messages; fonts; allocations: state,
\X@c=\dimen157
\Y@c=\dimen158
\U@c=\dimen159
\D@c=\dimen160
\L@c=\dimen161
\R@c=\dimen162
\Edge@c=\toks23
\X@p=\dimen163
\Y@p=\dimen164
\U@p=\dimen165
\D@p=\dimen166
\L@p=\dimen167
\R@p=\dimen168
\Edge@p=\toks24
\X@origin=\dimen169
\Y@origin=\dimen170
\X@xbase=\dimen171
\Y@xbase=\dimen172
\X@ybase=\dimen173
\Y@ybase=\dimen174
\X@min=\dimen175
\Y@min=\dimen176
\X@max=\dimen177
\Y@max=\dimen178
\lastobjectbox@=\box52
\zerodotbox@=\box53
\almostz@=\dimen179
 direction,
\d@X=\dimen180
\d@Y=\dimen181
\K@=\count195
\KK@=\count196
\Direction=\count197
\K@dXdY=\dimen182
\K@dYdX=\dimen183
\xyread@=\read2
\xywrite@=\write3
\csp@=\count198
\quotPTK@=\dimen184

utility macros; pictures: \xy, positions,
\swaptoks@@=\toks25
\connectobjectbox@@=\box54
 objects,
\styletoks@=\toks26
 decorations;
kernel objects: directionals, circles, text; options; algorithms: directions,
edges, connections;  Xy-pic loaded)
(C:\Users\irischloss\AppData\Local\Programs\MiKTeX\tex/generic/iftex\ifpdf.sty
Package: ifpdf 2019/10/25 v3.4 ifpdf legacy package. Use iftex instead.

(C:\Users\irischloss\AppData\Local\Programs\MiKTeX\tex/generic/iftex\iftex.sty
Package: iftex 2020/03/06 v1.0d TeX engine tests
))
Package: xy 2013/10/06 Xy-pic version 3.8.9

(C:\Users\irischloss\AppData\Local\Programs\MiKTeX\tex/generic/xypic\xyall.tex
 Xy-pic option: All features v.3.8
(C:\Users\irischloss\AppData\Local\Programs\MiKTeX\tex/generic/xypic\xycurve.te
x  Xy-pic option: Curve and Spline extension v.3.12 curve,
\crv@cnt@=\count199
\crvpts@=\toks27
\splinebox@=\box55
\splineval@=\dimen185
\splinedepth@=\dimen186
\splinetol@=\dimen187
\splinelength@=\dimen188
 circles,
\L@=\dimen189
 loaded)
(C:\Users\irischloss\AppData\Local\Programs\MiKTeX\tex/generic/xypic\xyframe.te
x  Xy-pic option: Frame and Bracket extension v.3.14 loaded)
(C:\Users\irischloss\AppData\Local\Programs\MiKTeX\tex/generic/xypic\xycmtip.te
x  Xy-pic option: Computer Modern tip extension v.3.7
(C:\Users\irischloss\AppData\Local\Programs\MiKTeX\tex/generic/xypic\xytips.tex
 Xy-pic option: More Tips extension v.3.11 loaded) loaded)
(C:\Users\irischloss\AppData\Local\Programs\MiKTeX\tex/generic/xypic\xyline.tex
 Xy-pic option: Line styles extension v.3.10
\xylinethick@=\dimen190
 loaded)
(C:\Users\irischloss\AppData\Local\Programs\MiKTeX\tex/generic/xypic\xyrotate.t
ex  Xy-pic option: Rotate and Scale extension v.3.8 loaded)
(C:\Users\irischloss\AppData\Local\Programs\MiKTeX\tex/generic/xypic\xycolor.te
x  Xy-pic option: Colour extension v.3.11 loaded)
(C:\Users\irischloss\AppData\Local\Programs\MiKTeX\tex/generic/xypic\xymatrix.t
ex  Xy-pic option: Matrix feature v.3.14
\Row=\count266
\Col=\count267
\queue@=\toks28
\queue@@=\toks29
\qcount@=\count268
\qcount@@=\count269
\matrixsize@=\count270
 loaded)
(C:\Users\irischloss\AppData\Local\Programs\MiKTeX\tex/generic/xypic\xyarrow.te
x  Xy-pic option: Arrow and Path feature v.3.9 path, \ar, loaded)
(C:\Users\irischloss\AppData\Local\Programs\MiKTeX\tex/generic/xypic\xygraph.te
x  Xy-pic option: Graph feature v.3.11 loaded) loaded)
(C:\Users\irischloss\AppData\Local\Programs\MiKTeX\tex/generic/xypic\xypdf.tex
 Xy-pic option: PDF driver v.1.7 Xy-pic pdf driver: `color' extension support
(C:\Users\irischloss\AppData\Local\Programs\MiKTeX\tex/generic/xypic\xypdf-co.t
ex loaded) Xy-pic pdf driver: `curve' extension support
(C:\Users\irischloss\AppData\Local\Programs\MiKTeX\tex/generic/xypic\xypdf-cu.t
ex loaded) Xy-pic pdf driver: `frame' extension support
(C:\Users\irischloss\AppData\Local\Programs\MiKTeX\tex/generic/xypic\xypdf-fr.t
ex loaded) Xy-pic pdf driver: `line' extension support
(C:\Users\irischloss\AppData\Local\Programs\MiKTeX\tex/generic/xypic\xypdf-li.t
ex loaded) Xy-pic pdf driver: `rotate' extension support
(C:\Users\irischloss\AppData\Local\Programs\MiKTeX\tex/generic/xypic\xypdf-ro.t
ex loaded) loaded))
(C:\Users\irischloss\AppData\Local\Programs\MiKTeX\tex/latex/base\fontenc.sty
Package: fontenc 2020/08/10 v2.0s Standard LaTeX package

(C:\Users\irischloss\AppData\Local\Programs\MiKTeX\tex/latex/cyrillic\ot2enc.de
f
File: ot2enc.def 2001/08/11 v3.3a Cyrillic encoding definition file
Now handling font encoding OT2 ...
... processing UTF-8 mapping file for font encoding OT2
 (C:\Users\irischloss\AppData\Local\Programs\MiKTeX\tex/latex/base\ot2enc.dfu
File: ot2enc.dfu 2019/11/14 v1.2k UTF-8 support for inputenc
   defining Unicode char U+00AB (decimal 171)
   defining Unicode char U+00BB (decimal 187)
   defining Unicode char U+0131 (decimal 305)
   defining Unicode char U+0237 (decimal 567)
   defining Unicode char U+0400 (decimal 1024)
   defining Unicode char U+0401 (decimal 1025)
   defining Unicode char U+0402 (decimal 1026)
   defining Unicode char U+0403 (decimal 1027)
   defining Unicode char U+0404 (decimal 1028)
   defining Unicode char U+0405 (decimal 1029)
   defining Unicode char U+0406 (decimal 1030)
   defining Unicode char U+0408 (decimal 1032)
   defining Unicode char U+0409 (decimal 1033)
   defining Unicode char U+040A (decimal 1034)
   defining Unicode char U+040B (decimal 1035)
   defining Unicode char U+040C (decimal 1036)
   defining Unicode char U+040D (decimal 1037)
   defining Unicode char U+040F (decimal 1039)
   defining Unicode char U+0410 (decimal 1040)
   defining Unicode char U+0411 (decimal 1041)
   defining Unicode char U+0412 (decimal 1042)
   defining Unicode char U+0413 (decimal 1043)
   defining Unicode char U+0414 (decimal 1044)
   defining Unicode char U+0415 (decimal 1045)
   defining Unicode char U+0416 (decimal 1046)
   defining Unicode char U+0417 (decimal 1047)
   defining Unicode char U+0418 (decimal 1048)
   defining Unicode char U+0419 (decimal 1049)
   defining Unicode char U+041A (decimal 1050)
   defining Unicode char U+041B (decimal 1051)
   defining Unicode char U+041C (decimal 1052)
   defining Unicode char U+041D (decimal 1053)
   defining Unicode char U+041E (decimal 1054)
   defining Unicode char U+041F (decimal 1055)
   defining Unicode char U+0420 (decimal 1056)
   defining Unicode char U+0421 (decimal 1057)
   defining Unicode char U+0422 (decimal 1058)
   defining Unicode char U+0423 (decimal 1059)
   defining Unicode char U+0424 (decimal 1060)
   defining Unicode char U+0425 (decimal 1061)
   defining Unicode char U+0426 (decimal 1062)
   defining Unicode char U+0427 (decimal 1063)
   defining Unicode char U+0428 (decimal 1064)
   defining Unicode char U+0429 (decimal 1065)
   defining Unicode char U+042A (decimal 1066)
   defining Unicode char U+042B (decimal 1067)
   defining Unicode char U+042C (decimal 1068)
   defining Unicode char U+042D (decimal 1069)
   defining Unicode char U+042E (decimal 1070)
   defining Unicode char U+042F (decimal 1071)
   defining Unicode char U+0430 (decimal 1072)
   defining Unicode char U+0431 (decimal 1073)
   defining Unicode char U+0432 (decimal 1074)
   defining Unicode char U+0433 (decimal 1075)
   defining Unicode char U+0434 (decimal 1076)
   defining Unicode char U+0435 (decimal 1077)
   defining Unicode char U+0436 (decimal 1078)
   defining Unicode char U+0437 (decimal 1079)
   defining Unicode char U+0438 (decimal 1080)
   defining Unicode char U+0439 (decimal 1081)
   defining Unicode char U+043A (decimal 1082)
   defining Unicode char U+043B (decimal 1083)
   defining Unicode char U+043C (decimal 1084)
   defining Unicode char U+043D (decimal 1085)
   defining Unicode char U+043E (decimal 1086)
   defining Unicode char U+043F (decimal 1087)
   defining Unicode char U+0440 (decimal 1088)
   defining Unicode char U+0441 (decimal 1089)
   defining Unicode char U+0442 (decimal 1090)
   defining Unicode char U+0443 (decimal 1091)
   defining Unicode char U+0444 (decimal 1092)
   defining Unicode char U+0445 (decimal 1093)
   defining Unicode char U+0446 (decimal 1094)
   defining Unicode char U+0447 (decimal 1095)
   defining Unicode char U+0448 (decimal 1096)
   defining Unicode char U+0449 (decimal 1097)
   defining Unicode char U+044A (decimal 1098)
   defining Unicode char U+044B (decimal 1099)
   defining Unicode char U+044C (decimal 1100)
   defining Unicode char U+044D (decimal 1101)
   defining Unicode char U+044E (decimal 1102)
   defining Unicode char U+044F (decimal 1103)
   defining Unicode char U+0450 (decimal 1104)
   defining Unicode char U+0451 (decimal 1105)
   defining Unicode char U+0452 (decimal 1106)
   defining Unicode char U+0453 (decimal 1107)
   defining Unicode char U+0454 (decimal 1108)
   defining Unicode char U+0455 (decimal 1109)
   defining Unicode char U+0456 (decimal 1110)
   defining Unicode char U+0458 (decimal 1112)
   defining Unicode char U+0459 (decimal 1113)
   defining Unicode char U+045A (decimal 1114)
   defining Unicode char U+045B (decimal 1115)
   defining Unicode char U+045C (decimal 1116)
   defining Unicode char U+045D (decimal 1117)
   defining Unicode char U+045F (decimal 1119)
   defining Unicode char U+0462 (decimal 1122)
   defining Unicode char U+0463 (decimal 1123)
   defining Unicode char U+0472 (decimal 1138)
   defining Unicode char U+0473 (decimal 1139)
   defining Unicode char U+0474 (decimal 1140)
   defining Unicode char U+0475 (decimal 1141)
   defining Unicode char U+04C1 (decimal 1217)
   defining Unicode char U+04C2 (decimal 1218)
   defining Unicode char U+04D0 (decimal 1232)
   defining Unicode char U+04D1 (decimal 1233)
   defining Unicode char U+04D2 (decimal 1234)
   defining Unicode char U+04D3 (decimal 1235)
   defining Unicode char U+04D6 (decimal 1238)
   defining Unicode char U+04D7 (decimal 1239)
   defining Unicode char U+04DC (decimal 1244)
   defining Unicode char U+04DD (decimal 1245)
   defining Unicode char U+04DE (decimal 1246)
   defining Unicode char U+04DF (decimal 1247)
   defining Unicode char U+04E2 (decimal 1250)
   defining Unicode char U+04E3 (decimal 1251)
   defining Unicode char U+04E4 (decimal 1252)
   defining Unicode char U+04E5 (decimal 1253)
   defining Unicode char U+04E6 (decimal 1254)
   defining Unicode char U+04E7 (decimal 1255)
   defining Unicode char U+04EC (decimal 1260)
   defining Unicode char U+04ED (decimal 1261)
   defining Unicode char U+04EE (decimal 1262)
   defining Unicode char U+04EF (decimal 1263)
   defining Unicode char U+04F0 (decimal 1264)
   defining Unicode char U+04F1 (decimal 1265)
   defining Unicode char U+04F2 (decimal 1266)
   defining Unicode char U+04F3 (decimal 1267)
   defining Unicode char U+04F4 (decimal 1268)
   defining Unicode char U+04F5 (decimal 1269)
   defining Unicode char U+04F8 (decimal 1272)
   defining Unicode char U+04F9 (decimal 1273)
   defining Unicode char U+2013 (decimal 8211)
   defining Unicode char U+2014 (decimal 8212)
   defining Unicode char U+2018 (decimal 8216)
   defining Unicode char U+2019 (decimal 8217)
   defining Unicode char U+201C (decimal 8220)
   defining Unicode char U+201D (decimal 8221)
   defining Unicode char U+2116 (decimal 8470)
)))
(C:\Users\irischloss\AppData\Local\Programs\MiKTeX\tex/latex/sttools\flushend.s
ty
Package: flushend 2020/10/16 v3.5 Balancing columns in twocolumn mode
\flushend@@lastskip@a=\skip65
\flushend@@lastskip@b=\skip66
\flushend@@lastskip@c=\skip67
\flushend@@penalty@a=\count271
\var@@loop@iter=\count272
\flushend@@lastkern@a=\dimen191
\var@@temp@spread=\dimen192
\var@@temp@a=\dimen193
\var@@temp@loop=\dimen194
\flushend@@page@rule=\dimen195
\flushend@@varbox@a=\box56
\flushend@@varbox@c=\box57
\flushend@@tempbox@a=\box58
\flushend@@tempbox@c=\box59
\@viper=\box60
\hold@viper=\box61
\atColsBreak=\toks30
\atColsEnd=\toks31

(C:\Users\irischloss\AppData\Local\Programs\MiKTeX\tex/latex/etoolbox\etoolbox.
sty
Package: etoolbox 2020/10/05 v2.5k e-TeX tools for LaTeX (JAW)
\etb@tempcnta=\count273
))
(C:\Users\irischloss\AppData\Local\Programs\MiKTeX\tex/latex/sttools\cuted.sty
Package: cuted 2012/10/04 v1.5 Mixing onecolumn and twocolumn modes
\At@ViperColsBreak=\toks32
\v@aaa=\box62
\v@ccc=\box63
\lastskip@a=\skip68
\lastskip@b=\skip69
\lastskip@d=\skip70
\lastbox@a=\box64
\stripsep=\skip71
\viper@penalty=\count274
\ht@viper=\dimen196
)
(C:\Users\irischloss\AppData\Local\Programs\MiKTeX\tex/latex/caption\caption2.s
ty
Package: caption2 2020/09/28 v2.2f Customising captions (AR)


Package caption2 Warning: ****************************************************
(caption2)                THIS PACKAGE IS OBSOLETE:
(caption2)                This package attempts to provide an `caption2'
(caption2)                package v2.0/2.1 author environment so that OLD
(caption2)                documents can be successfully processed. It should
(caption2)                NOT be used for NEW documents! New documents should
(caption2)                use the regular `caption' package v3.x instead.
(caption2)                ****************************************************


(C:\Users\irischloss\AppData\Local\Programs\MiKTeX\tex/latex/caption\caption3.s
ty
Package: caption3 2020/10/21 v2.2e caption3 kernel (AR)
\captionmargin=\dimen197
\captionmargin@=\dimen198
\captionwidth=\dimen199
\caption@tempdima=\dimen256
\caption@indent=\dimen257
\caption@parindent=\dimen258
\caption@hangindent=\dimen259
Package caption Info: Standard document class detected.
)
Package caption2 Info: Running in caption2 v2.0 compatibility mode on input lin
e 226.
\captionlinewidth=\dimen260
\realcaptionwidth=\dimen261
)
\@indexfile=\write4
\openout4 = `Main.idx'.


Writing index file Main.idx
) (C:\Users\irischloss\AppData\Local\Programs\MiKTeX\tex/latex/tools\bm.sty
Package: bm 2019/07/24 v1.2d Bold Symbol Support (DPC/FMi)
\symboldoperators=\mathgroup7
\symboldletters=\mathgroup8
\symboldsymbols=\mathgroup9
\symboldlasy=\mathgroup10
LaTeX Font Info:    Redeclaring math alphabet \mathbf on input line 141.
LaTeX Info: Redefining \bm on input line 209.
)
(C:\Users\irischloss\AppData\Local\Programs\MiKTeX\tex/latex/graphics\color.sty
Package: color 2020/02/24 v1.2b Standard LaTeX Color (DPC)

(C:\Users\irischloss\AppData\Local\Programs\MiKTeX\tex/latex/graphics-cfg\color
.cfg
File: color.cfg 2016/01/02 v1.6 sample color configuration
)
Package color Info: Driver file: pdftex.def on input line 147.
)
(C:\Users\irischloss\AppData\Local\Programs\MiKTeX\tex/latex/psnfss\times.sty
Package: times 2020/03/25 PSNFSS-v9.3 (SPQR) 
)
(C:\Users\irischloss\AppData\Local\Programs\MiKTeX\tex/generic/soul\soul.sty
Package: soul 2003/11/17 v2.4 letterspacing/underlining (mf)
\SOUL@word=\toks33
\SOUL@lasttoken=\toks34
\SOUL@cmds=\toks35
\SOUL@buffer=\toks36
\SOUL@token=\toks37
\SOUL@spaceskip=\skip72
\SOUL@ttwidth=\dimen262
\SOUL@uldp=\dimen263
\SOUL@ulht=\dimen264
)
(C:\Users\irischloss\AppData\Local\Programs\MiKTeX\tex/latex/xcolor\xcolor.sty
Package: xcolor 2016/05/11 v2.12 LaTeX color extensions (UK)

(C:\Users\irischloss\AppData\Local\Programs\MiKTeX\tex/latex/graphics-cfg\color
.cfg
File: color.cfg 2016/01/02 v1.6 sample color configuration
)
Package xcolor Info: Driver file: pdftex.def on input line 225.
LaTeX Info: Redefining \color on input line 709.
Package xcolor Info: Model `cmy' substituted by `cmy0' on input line 1348.
Package xcolor Info: Model `hsb' substituted by `rgb' on input line 1352.
Package xcolor Info: Model `RGB' extended on input line 1364.
Package xcolor Info: Model `HTML' substituted by `rgb' on input line 1366.
Package xcolor Info: Model `Hsb' substituted by `hsb' on input line 1367.
Package xcolor Info: Model `tHsb' substituted by `hsb' on input line 1368.
Package xcolor Info: Model `HSB' substituted by `hsb' on input line 1369.
Package xcolor Info: Model `Gray' substituted by `gray' on input line 1370.
Package xcolor Info: Model `wave' substituted by `hsb' on input line 1371.
) (C:\Users\irischloss\AppData\Local\Programs\MiKTeX\tex/latex/url\url.sty
\Urlmuskip=\muskip17
Package: url 2013/09/16  ver 3.4  Verb mode for urls, etc.
)
(C:\Users\irischloss\AppData\Local\Programs\MiKTeX\tex/latex/hyperref\hyperref.
sty
Package: hyperref 2020-05-15 v7.00e Hypertext links for LaTeX

(C:\Users\irischloss\AppData\Local\Programs\MiKTeX\tex/generic/ltxcmds\ltxcmds.
sty
Package: ltxcmds 2020-05-10 v1.25 LaTeX kernel commands for general use (HO)
)
(C:\Users\irischloss\AppData\Local\Programs\MiKTeX\tex/generic/pdftexcmds\pdfte
xcmds.sty
Package: pdftexcmds 2020-06-27 v0.33 Utility functions of pdfTeX for LuaTeX (HO
)

(C:\Users\irischloss\AppData\Local\Programs\MiKTeX\tex/generic/infwarerr\infwar
err.sty
Package: infwarerr 2019/12/03 v1.5 Providing info/warning/error messages (HO)
)
Package pdftexcmds Info: \pdf@primitive is available.
Package pdftexcmds Info: \pdf@ifprimitive is available.
Package pdftexcmds Info: \pdfdraftmode found.
)
(C:\Users\irischloss\AppData\Local\Programs\MiKTeX\tex/generic/kvsetkeys\kvsetk
eys.sty
Package: kvsetkeys 2019/12/15 v1.18 Key value parser (HO)
)
(C:\Users\irischloss\AppData\Local\Programs\MiKTeX\tex/generic/kvdefinekeys\kvd
efinekeys.sty
Package: kvdefinekeys 2019-12-19 v1.6 Define keys (HO)
)
(C:\Users\irischloss\AppData\Local\Programs\MiKTeX\tex/generic/pdfescape\pdfesc
ape.sty
Package: pdfescape 2019/12/09 v1.15 Implements pdfTeX's escape features (HO)
)
(C:\Users\irischloss\AppData\Local\Programs\MiKTeX\tex/latex/hycolor\hycolor.st
y
Package: hycolor 2020-01-27 v1.10 Color options for hyperref/bookmark (HO)
)
(C:\Users\irischloss\AppData\Local\Programs\MiKTeX\tex/latex/letltxmacro\letltx
macro.sty
Package: letltxmacro 2019/12/03 v1.6 Let assignment for LaTeX macros (HO)
)
(C:\Users\irischloss\AppData\Local\Programs\MiKTeX\tex/latex/auxhook\auxhook.st
y
Package: auxhook 2019-12-17 v1.6 Hooks for auxiliary files (HO)
)
(C:\Users\irischloss\AppData\Local\Programs\MiKTeX\tex/latex/kvoptions\kvoption
s.sty
Package: kvoptions 2020-10-07 v3.14 Key value format for package options (HO)
)
\@linkdim=\dimen265
\Hy@linkcounter=\count275
\Hy@pagecounter=\count276

(C:\Users\irischloss\AppData\Local\Programs\MiKTeX\tex/latex/hyperref\pd1enc.de
f
File: pd1enc.def 2020-05-15 v7.00e Hyperref: PDFDocEncoding definition (HO)
Now handling font encoding PD1 ...
... no UTF-8 mapping file for font encoding PD1
)
(C:\Users\irischloss\AppData\Local\Programs\MiKTeX\tex/generic/intcalc\intcalc.
sty
Package: intcalc 2019/12/15 v1.3 Expandable calculations with integers (HO)
)
(C:\Users\irischloss\AppData\Local\Programs\MiKTeX\tex/generic/etexcmds\etexcmd
s.sty
Package: etexcmds 2019/12/15 v1.7 Avoid name clashes with e-TeX commands (HO)
)
\Hy@SavedSpaceFactor=\count277
Package hyperref Info: Hyper figures OFF on input line 4464.
Package hyperref Info: Link nesting OFF on input line 4469.
Package hyperref Info: Hyper index ON on input line 4472.
Package hyperref Info: Plain pages OFF on input line 4479.
Package hyperref Info: Backreferencing OFF on input line 4484.
Package hyperref Info: Implicit mode ON; LaTeX internals redefined.
Package hyperref Info: Bookmarks ON on input line 4717.
\c@Hy@tempcnt=\count278
LaTeX Info: Redefining \url on input line 5076.
\XeTeXLinkMargin=\dimen266

(C:\Users\irischloss\AppData\Local\Programs\MiKTeX\tex/generic/bitset\bitset.st
y
Package: bitset 2019/12/09 v1.3 Handle bit-vector datatype (HO)

(C:\Users\irischloss\AppData\Local\Programs\MiKTeX\tex/generic/bigintcalc\bigin
tcalc.sty
Package: bigintcalc 2019/12/15 v1.5 Expandable calculations on big integers (HO
)
))
\Fld@menulength=\count279
\Field@Width=\dimen267
\Fld@charsize=\dimen268
Package hyperref Info: Hyper figures OFF on input line 6347.
Package hyperref Info: Link nesting OFF on input line 6352.
Package hyperref Info: Hyper index ON on input line 6355.
Package hyperref Info: backreferencing OFF on input line 6362.
Package hyperref Info: Link coloring OFF on input line 6367.
Package hyperref Info: Link coloring with OCG OFF on input line 6372.
Package hyperref Info: PDF/A mode OFF on input line 6377.
LaTeX Info: Redefining \ref on input line 6417.
LaTeX Info: Redefining \pageref on input line 6421.

(C:\Users\irischloss\AppData\Local\Programs\MiKTeX\tex/latex/base\atbegshi-ltx.
sty
Package: atbegshi-ltx 2020/08/17 v1.0a Emulation of the original atbegshi packa
ge
with kernel methods
)
\Hy@abspage=\count280
\c@Item=\count281
\c@Hfootnote=\count282
)
Package hyperref Info: Driver (autodetected): hpdftex.

(C:\Users\irischloss\AppData\Local\Programs\MiKTeX\tex/latex/hyperref\hpdftex.d
ef
File: hpdftex.def 2020-05-15 v7.00e Hyperref driver for pdfTeX

(C:\Users\irischloss\AppData\Local\Programs\MiKTeX\tex/latex/base\atveryend-ltx
.sty
Package: atveryend-ltx 2020/08/19 v1.0a Emulation of the original atvery packag
e
with kernel methods
)
\Fld@listcount=\count283
\c@bookmark@seq@number=\count284

(C:\Users\irischloss\AppData\Local\Programs\MiKTeX\tex/latex/rerunfilecheck\rer
unfilecheck.sty
Package: rerunfilecheck 2019/12/05 v1.9 Rerun checks for auxiliary files (HO)

(C:\Users\irischloss\AppData\Local\Programs\MiKTeX\tex/generic/uniquecounter\un
iquecounter.sty
Package: uniquecounter 2019/12/15 v1.4 Provide unlimited unique counter (HO)
)
Package uniquecounter Info: New unique counter `rerunfilecheck' on input line 2
86.
)
\Hy@SectionHShift=\skip73
)
(C:\Users\irischloss\AppData\Local\Programs\MiKTeX\tex/latex/base\inputenc.sty
Package: inputenc 2020/08/01 v1.3d Input encoding file
\inpenc@prehook=\toks38
\inpenc@posthook=\toks39
)
(C:\Users\irischloss\AppData\Local\Programs\MiKTeX\tex/latex/subfigure\subfigur
e.sty
Package: subfigure 2002/07/30 v2.1.4 subfigure package
\subfigtopskip=\skip74
\subfigcapskip=\skip75
\subfigcaptopadj=\dimen269
\subfigbottomskip=\skip76
\subfigcapmargin=\dimen270
\subfiglabelskip=\skip77
\c@subfigure=\count285
\c@lofdepth=\count286
\c@subtable=\count287
\c@lotdepth=\count288

****************************************
* Local config file subfigure.cfg used *
****************************************

(C:\Users\irischloss\AppData\Local\Programs\MiKTeX\tex/latex/subfigure\subfigur
e.cfg)
\subfig@top=\skip78
\subfig@bottom=\skip79
)
(C:\Users\irischloss\AppData\Local\Programs\MiKTeX\tex/latex/booktabs\booktabs.
sty
Package: booktabs 2020/01/12 v1.61803398 Publication quality tables
\heavyrulewidth=\dimen271
\lightrulewidth=\dimen272
\cmidrulewidth=\dimen273
\belowrulesep=\dimen274
\belowbottomsep=\dimen275
\aboverulesep=\dimen276
\abovetopsep=\dimen277
\cmidrulesep=\dimen278
\cmidrulekern=\dimen279
\defaultaddspace=\dimen280
\@cmidla=\count289
\@cmidlb=\count290
\@aboverulesep=\dimen281
\@belowrulesep=\dimen282
\@thisruleclass=\count291
\@lastruleclass=\count292
\@thisrulewidth=\dimen283
)
(C:\Users\irischloss\AppData\Local\Programs\MiKTeX\tex/latex/algorithms\algorit
hm.sty
Package: algorithm 2009/08/24 v0.1 Document Style `algorithm' - floating enviro
nment

(C:\Users\irischloss\AppData\Local\Programs\MiKTeX\tex/latex/float\float.sty
Package: float 2001/11/08 v1.3d Float enhancements (AL)
\c@float@type=\count293
\float@exts=\toks40
\float@box=\box65
\@float@everytoks=\toks41
\@floatcapt=\box66
)
(C:\Users\irischloss\AppData\Local\Programs\MiKTeX\tex/latex/base\ifthen.sty
Package: ifthen 2014/09/29 v1.1c Standard LaTeX ifthen package (DPC)
)
\@float@every@algorithm=\toks42
\c@algorithm=\count294
)
(C:\Users\irischloss\AppData\Local\Programs\MiKTeX\tex/latex/algorithms\algorit
hmic.sty
Package: algorithmic 2009/08/24 v0.1 Document Style `algorithmic'
\c@ALC@unique=\count295
\c@ALC@line=\count296
\c@ALC@rem=\count297
\c@ALC@depth=\count298
\ALC@tlm=\skip80
\algorithmicindent=\skip81
)
(C:\Users\irischloss\AppData\Local\Programs\MiKTeX\tex/latex/makecell\makecell.
sty
Package: makecell 2009/08/03 V0.1e Managing of Tab Column Heads and Cells
\rotheadsize=\dimen284
\c@nlinenum=\count299
\TeXr@lab=\toks43
)
(C:\Users\irischloss\AppData\Local\Programs\MiKTeX\tex/latex/amscls\amsthm.sty
Package: amsthm 2020/05/29 v2.20.6
\thm@style=\toks44
\thm@bodyfont=\toks45
\thm@headfont=\toks46
\thm@notefont=\toks47
\thm@headpunct=\toks48
\thm@preskip=\skip82
\thm@postskip=\skip83
\thm@headsep=\skip84
\dth@everypar=\toks49
LaTeX Info: Redefining \qed on input line 273.
)
(C:\Users\irischloss\AppData\Local\Programs\MiKTeX\tex/latex/jknappen\mathrsfs.
sty
Package: mathrsfs 1996/01/01 Math RSFS package v1.0 (jk)
\symrsfs=\mathgroup11
)
LaTeX Font Info:    Trying to load font information for T1+ptm on input line 74
.

(C:\Users\irischloss\AppData\Local\Programs\MiKTeX\tex/latex/psnfss\t1ptm.fd
File: t1ptm.fd 2001/06/04 font definitions for T1/ptm.
)
(C:\Users\irischloss\AppData\Local\Programs\MiKTeX\tex/latex/l3backend\l3backen
d-pdftex.def
File: l3backend-pdftex.def 2020-09-24 L3 backend support: PDF output (pdfTeX)
\l__kernel_color_stack_int=\count300
\l__pdf_internal_box=\box67
)

LaTeX Warning: Unused global option(s):
    [color,amssymb].

(Main.aux

LaTeX Warning: Label `tab:1' multiply defined.


LaTeX Warning: Label `fig:subfig:a' multiply defined.


LaTeX Warning: Label `sub@fig:subfig:a' multiply defined.


LaTeX Warning: Label `fig:subfig:a' multiply defined.


LaTeX Warning: Label `sub@fig:subfig:a' multiply defined.


LaTeX Warning: Label `fig:subfig:b' multiply defined.


LaTeX Warning: Label `sub@fig:subfig:b' multiply defined.


LaTeX Warning: Label `fig:subfig:b' multiply defined.


LaTeX Warning: Label `sub@fig:subfig:b' multiply defined.


LaTeX Warning: Label `fig:subfig:a' multiply defined.


LaTeX Warning: Label `sub@fig:subfig:a' multiply defined.


LaTeX Warning: Label `fig:subfig:a' multiply defined.


LaTeX Warning: Label `sub@fig:subfig:a' multiply defined.


LaTeX Warning: Label `fig:subfig:a' multiply defined.


LaTeX Warning: Label `sub@fig:subfig:a' multiply defined.


LaTeX Warning: Label `tab:1' multiply defined.


LaTeX Warning: Label `fig:subfig:a' multiply defined.


LaTeX Warning: Label `sub@fig:subfig:a' multiply defined.


LaTeX Warning: Label `fig:subfig:a' multiply defined.


LaTeX Warning: Label `sub@fig:subfig:a' multiply defined.


LaTeX Warning: Label `fig:subfig:a' multiply defined.


LaTeX Warning: Label `sub@fig:subfig:a' multiply defined.


LaTeX Warning: Label `fig:subfig:a' multiply defined.


LaTeX Warning: Label `sub@fig:subfig:a' multiply defined.


LaTeX Warning: Label `fig:subfig:a' multiply defined.


LaTeX Warning: Label `sub@fig:subfig:a' multiply defined.


LaTeX Warning: Label `fig:subfig:a' multiply defined.


LaTeX Warning: Label `sub@fig:subfig:a' multiply defined.


LaTeX Warning: Label `fig:subfig' multiply defined.


LaTeX Warning: Label `fig:subfig:a' multiply defined.


LaTeX Warning: Label `sub@fig:subfig:a' multiply defined.


LaTeX Warning: Label `fig:subfig:a' multiply defined.


LaTeX Warning: Label `sub@fig:subfig:a' multiply defined.


LaTeX Warning: Label `fig:subfig:a' multiply defined.


LaTeX Warning: Label `sub@fig:subfig:a' multiply defined.


LaTeX Warning: Label `fig:subfig:a' multiply defined.


LaTeX Warning: Label `sub@fig:subfig:a' multiply defined.


LaTeX Warning: Label `fig:subfig:a' multiply defined.


LaTeX Warning: Label `sub@fig:subfig:a' multiply defined.


LaTeX Warning: Label `fig:subfig:a' multiply defined.


LaTeX Warning: Label `sub@fig:subfig:a' multiply defined.


LaTeX Warning: Label `fig:subfig:a' multiply defined.


LaTeX Warning: Label `sub@fig:subfig:a' multiply defined.


LaTeX Warning: Label `fig:subfig:a' multiply defined.


LaTeX Warning: Label `sub@fig:subfig:a' multiply defined.


LaTeX Warning: Label `fig:subfig:a' multiply defined.


LaTeX Warning: Label `sub@fig:subfig:a' multiply defined.


LaTeX Warning: Label `fig:subfig' multiply defined.

)
\openout1 = `Main.aux'.

LaTeX Font Info:    Checking defaults for OML/cmm/m/it on input line 74.
LaTeX Font Info:    ... okay on input line 74.
LaTeX Font Info:    Checking defaults for OMS/cmsy/m/n on input line 74.
LaTeX Font Info:    ... okay on input line 74.
LaTeX Font Info:    Checking defaults for OT1/cmr/m/n on input line 74.
LaTeX Font Info:    ... okay on input line 74.
LaTeX Font Info:    Checking defaults for T1/cmr/m/n on input line 74.
LaTeX Font Info:    ... okay on input line 74.
LaTeX Font Info:    Checking defaults for TS1/cmr/m/n on input line 74.
LaTeX Font Info:    ... okay on input line 74.
LaTeX Font Info:    Checking defaults for OMX/cmex/m/n on input line 74.
LaTeX Font Info:    ... okay on input line 74.
LaTeX Font Info:    Checking defaults for U/cmr/m/n on input line 74.
LaTeX Font Info:    ... okay on input line 74.
LaTeX Font Info:    Checking defaults for OT2/cmr/m/n on input line 74.
LaTeX Font Info:    Trying to load font information for OT2+cmr on input line 7
4.

(C:\Users\irischloss\AppData\Local\Programs\MiKTeX\tex/latex/cyrillic\ot2cmr.fd
File: ot2cmr.fd 2001/08/11 v3.2c Computer Modern Cyrillic font definitions
)
LaTeX Font Info:    ... okay on input line 74.
LaTeX Font Info:    Checking defaults for PD1/pdf/m/n on input line 74.
LaTeX Font Info:    ... okay on input line 74.

(C:\Users\irischloss\AppData\Local\Programs\MiKTeX\tex/context/base/mkii\supp-p
df.mkii
[Loading MPS to PDF converter (version 2006.09.02).]
\scratchcounter=\count301
\scratchdimen=\dimen285
\scratchbox=\box68
\nofMPsegments=\count302
\nofMParguments=\count303
\everyMPshowfont=\toks50
\MPscratchCnt=\count304
\MPscratchDim=\dimen286
\MPnumerator=\count305
\makeMPintoPDFobject=\count306
\everyMPtoPDFconversion=\toks51
)
(C:\Users\irischloss\AppData\Local\Programs\MiKTeX\tex/latex/epstopdf-pkg\epsto
pdf-base.sty
Package: epstopdf-base 2020-01-24 v2.11 Base part for package epstopdf
Package epstopdf-base Info: Redefining graphics rule for `.eps' on input line 4
85.
)
LaTeX Font Info:    Trying to load font information for U+msa on input line 74.


(C:\Users\irischloss\AppData\Local\Programs\MiKTeX\tex/latex/amsfonts\umsa.fd
File: umsa.fd 2013/01/14 v3.01 AMS symbols A
)
LaTeX Font Info:    Trying to load font information for U+msb on input line 74.


(C:\Users\irischloss\AppData\Local\Programs\MiKTeX\tex/latex/amsfonts\umsb.fd
File: umsb.fd 2013/01/14 v3.01 AMS symbols B
)
LaTeX Font Info:    Trying to load font information for U+lasy on input line 74
.

(C:\Users\irischloss\AppData\Local\Programs\MiKTeX\tex/latex/base\ulasy.fd
File: ulasy.fd 1998/08/17 v2.2e LaTeX symbol font definitions
)
LaTeX Font Info:    Font shape `U/lasy/b/n' in size <7> not available
(Font)              Font shape `U/lasy/m/n' tried instead on input line 74.
LaTeX Font Info:    Font shape `U/lasy/b/n' in size <5> not available
(Font)              Font shape `U/lasy/m/n' tried instead on input line 74.
LaTeX Font Info:    Trying to load font information for U+rsfs on input line 74
.

(C:\Users\irischloss\AppData\Local\Programs\MiKTeX\tex/latex/jknappen\ursfs.fd
File: ursfs.fd 1998/03/24 rsfs font definition file (jk)
)
Package xypdf Info: Line width: 0.39998pt on input line 74.
Package caption Info: Begin \AtBeginDocument code.
Package caption Info: End \AtBeginDocument code.
Package hyperref Info: Link coloring OFF on input line 74.

(C:\Users\irischloss\AppData\Local\Programs\MiKTeX\tex/latex/hyperref\nameref.s
ty
Package: nameref 2019/09/16 v2.46 Cross-referencing by name of section

(C:\Users\irischloss\AppData\Local\Programs\MiKTeX\tex/latex/refcount\refcount.
sty
Package: refcount 2019/12/15 v3.6 Data extraction from label references (HO)
)
(C:\Users\irischloss\AppData\Local\Programs\MiKTeX\tex/generic/gettitlestring\g
ettitlestring.sty
Package: gettitlestring 2019/12/15 v1.6 Cleanup title references (HO)
)
\c@section@level=\count307
)
LaTeX Info: Redefining \ref on input line 74.
LaTeX Info: Redefining \pageref on input line 74.
LaTeX Info: Redefining \nameref on input line 74.
 (Main.out) (Main.out)
\@outlinefile=\write5
\openout5 = `Main.out'.

Package epstopdf Info: Source file: <xian.eps>
(epstopdf)                    date: 2008-12-19 10:47:38
(epstopdf)                    size: 193414 bytes
(epstopdf)             Output file: <xian-eps-converted-to.pdf>
(epstopdf)                    date: 2020-05-12 20:41:18
(epstopdf)                    size: 7808 bytes
(epstopdf)             Command: <epstopdf --outfile=xian-eps-converted-to.pdf x
ian.eps>
(epstopdf)             \includegraphics on input line 83.
Package epstopdf Info: Output file is already uptodate.
<xian-eps-converted-to.pdf, id=11, 501.875pt x 21.07875pt>
File: xian-eps-converted-to.pdf Graphic file (type pdf)
<use xian-eps-converted-to.pdf>
Package pdftex.def Info: xian-eps-converted-to.pdf  used on input line 83.
(pdftex.def)             Requested size: 501.87376pt x 21.07867pt.

Underfull \hbox (badness 10000) in alignment at lines 82--88
[] 
 []


Overfull \hbox (267.45589pt too wide) in paragraph at lines 82--89
[][] 
 []

LaTeX Font Info:    Trying to load font information for T1+framdcn on input lin
e 94.
LaTeX Font Info:    No file T1framdcn.fd. on input line 94.

LaTeX Font Warning: Font shape `T1/framdcn/m/n' undefined
(Font)              using `T1/cmr/m/n' instead on input line 94.

LaTeX Font Info:    Trying to load font information for TS1+ptm on input line 9
9.
(C:\Users\irischloss\AppData\Local\Programs\MiKTeX\tex/latex/psnfss\ts1ptm.fd
File: ts1ptm.fd 2001/06/04 font definitions for TS1/ptm.
)
Underfull \vbox (badness 10000) has occurred while \output is active []


Overfull \vbox (2.50002pt too high) has occurred while \output is active []

Extra height:0.0pt when 10.40999pt

Underfull \vbox (badness 10000) has occurred while \output is active []

(2)Left:10.40999pt Right:12.91pt Output:10.40999pt
(2)Left:12.91pt Right:0.0pt Output:12.91pt
- LAST -
Left:12.91pt
Right:0.0pt
Output:12.91pt
LaTeX Font Info:    Font shape `U/lasy/b/n' in size <8> not available
(Font)              Font shape `U/lasy/m/n' tried instead on input line 105.
LaTeX Font Info:    Font shape `U/lasy/b/n' in size <6> not available
(Font)              Font shape `U/lasy/m/n' tried instead on input line 105.

Underfull \hbox (badness 1590) in paragraph at lines 104--106
\T1/ptm/m/n/10 On-line Sta-ble Match-ing (RMOSM) prob-lem. We first
 []


Underfull \hbox (badness 2142) in paragraph at lines 104--106
\T1/ptm/m/n/10 im-proved al-go-rithm called Equation-substitutable On-line
 []


Underfull \hbox (badness 10000) in paragraph at lines 104--106

 []


Underfull \hbox (badness 3482) in paragraph at lines 111--112
\T1/ptm/m/n/10 With the rapid de-vel-op-ment of mo-bile In-ter-net, taxi-
 []


Underfull \hbox (badness 10000) has occurred while \output is active

 []


Overfull \vbox (4.3445pt too high) has occurred while \output is active []



LaTeX Font Warning: Command \small invalid in math mode on input line 119.


LaTeX Font Warning: Command \small invalid in math mode on input line 119.


Overfull \vbox (2.21706pt too high) has occurred while \output is active []


[1{C:/Users/irischloss/AppData/Local/MiKTeX/pdftex/config/pdftex.map}

 <./xian-eps-converted-to.pdf>]
Overfull \hbox (32.34384pt too wide) in paragraph at lines 139--139
[]\T1/ptm/b/n/8 Table 1 [] 
 []


Overfull \hbox (32.34384pt too wide) in paragraph at lines 158--158
[]\T1/ptm/b/n/8 Table 2 [] 
 []


LaTeX Warning: `h' float specifier changed to `ht'.



pdfTeX warning: pdflatex.exe (file ./ex1.pdf): PDF inclusion: found PDF version
 <1.7>, but at most version <1.5> allowed
<ex1.pdf, id=52, 963.6pt x 542.025pt>
File: ex1.pdf Graphic file (type pdf)
<use ex1.pdf>
Package pdftex.def Info: ex1.pdf  used on input line 176.
(pdftex.def)             Requested size: 298.75394pt x 168.04254pt.

Overfull \hbox (54.06024pt too wide) in paragraph at lines 176--177
 [][] 
 []


LaTeX Warning: `h' float specifier changed to `ht'.


Underfull \hbox (badness 2865) in paragraph at lines 183--186
\T1/ptm/m/it/10 Revenue-Maximizing On-line Sta-ble Match-ing (RMOSM)
 []


Underfull \hbox (badness 6300) in paragraph at lines 190--192
\T1/ptm/m/n/10 On-line Match-ing(ESOM), which could solve the
 []


Underfull \hbox (badness 2980) in paragraph at lines 192--193
[]\T1/ptm/m/n/10 We ver-ify the ef-fec-tive-ness and ef-fi-ciency of the
 []

[2pdfTeX warning (ext4): destination with the same identifier (name{table.1}) h
as been already used, duplicate ignored
<argument> ...shipout:D \box_use:N \l_shipout_box 
                                                  
l.195 
      pdfTeX warning (ext4): destination with the same identifier (name{table.2
}) has been already used, duplicate ignored
<argument> ...shipout:D \box_use:N \l_shipout_box 
                                                  
l.195 
      pdfTeX warning (ext4): destination with the same identifier (name{figure.
1}) has been already used, duplicate ignored
<argument> ...shipout:D \box_use:N \l_shipout_box 
                                                  
l.195 
       <./ex1.pdf>] [3]
Underfull \hbox (badness 10000) in paragraph at lines 266--267
[]\T1/ptm/b/n/10 Definition 9 (Revenue-Maximizing On-line Sta-ble
 []


Overfull \hbox (6.1423pt too wide) detected at line 276
[]\OML/cmm/m/it/10 T[] \OT1/cmr/m/n/10 = \OMS/cmsy/m/n/10 f\OML/cmm/m/it/10 t \
OMS/cmsy/m/n/10 2 \OML/cmm/m/it/10 T\OMS/cmsy/m/n/10 j\OML/cmm/m/it/10 s[] < h[
]; \OT1/cmr/m/n/10 (\OML/cmm/m/it/10 s[] \OT1/cmr/m/n/10 + \OML/cmm/m/it/10 d[]
\OT1/cmr/m/n/10 ) \OML/cmm/m/it/10 > h[]; t is unmatched:\OMS/cmsy/m/n/10 g
 []

Package hyperref Info: bookmark level for unknown algorithm defaults to 0 on in
put line 298.

LaTeX Warning: `h' float specifier changed to `ht'.

[4]
Underfull \vbox (badness 3229) has occurred while \output is active []


Underfull \hbox (badness 7238) in paragraph at lines 365--366
[]\T1/ptm/m/n/10 From ex-am-ple 2 we can see Online-Greedy has
 []


Underfull \hbox (badness 1924) in paragraph at lines 365--366
\T1/ptm/m/n/10 short-com-ings so we get $\OMS/cmsy/m/n/10 f\OT1/cmr/m/n/10 (\OM
L/cmm/m/it/10 t[]; w[]\OT1/cmr/m/n/10 )\OML/cmm/m/it/10 ; \OT1/cmr/m/n/10 (\OML
/cmm/m/it/10 t[]; w[]\OT1/cmr/m/n/10 )\OMS/cmsy/m/n/10 g$ \T1/ptm/m/n/10 rather
 than
 []


LaTeX Warning: `h' float specifier changed to `ht'.


LaTeX Warning: `h' float specifier changed to `ht'.

[5]
Underfull \hbox (badness 5862) in paragraph at lines 435--436
[] []\T1/ptm/m/n/10 Matching:$\OML/cmm/m/it/10 M[]$\T1/ptm/m/n/10 , Tasks:$\OML
/cmm/m/it/10 T[]$\T1/ptm/m/n/10 , Workers:$\OML/cmm/m/it/10 W[]$\T1/ptm/m/n/10 
, Avail-able
 []


Underfull \hbox (badness 1762) in paragraph at lines 436--437
[] []\T1/ptm/m/n/10 Matching:$\OML/cmm/m/it/10 M[]$\T1/ptm/m/n/10 , Tasks:$\OML
/cmm/m/it/10 T[]$\T1/ptm/m/n/10 , Workers:$\OML/cmm/m/it/10 W[]$\T1/ptm/m/n/10 
, Avail-able
 []


LaTeX Warning: `h' float specifier changed to `ht'.

<f2.pdf, id=170, 421.575pt x 316.18124pt>
File: f2.pdf Graphic file (type pdf)
<use f2.pdf>
Package pdftex.def Info: f2.pdf  used on input line 469.
(pdftex.def)             Requested size: 155.24054pt x 120.85931pt.
<f3.pdf, id=171, 421.575pt x 316.18124pt>
File: f3.pdf Graphic file (type pdf)
<use f3.pdf>
Package pdftex.def Info: f3.pdf  used on input line 469.
(pdftex.def)             Requested size: 155.24054pt x 120.85931pt.
<f4.pdf, id=172, 421.575pt x 316.18124pt>
File: f4.pdf Graphic file (type pdf)
<use f4.pdf>
Package pdftex.def Info: f4.pdf  used on input line 469.
(pdftex.def)             Requested size: 155.24054pt x 120.85931pt.
<f5.pdf, id=173, 421.575pt x 316.18124pt>
File: f5.pdf Graphic file (type pdf)
<use f5.pdf>
Package pdftex.def Info: f5.pdf  used on input line 478.
(pdftex.def)             Requested size: 155.24054pt x 120.85931pt.
<f6.pdf, id=174, 421.575pt x 316.18124pt>
File: f6.pdf Graphic file (type pdf)
<use f6.pdf>
Package pdftex.def Info: f6.pdf  used on input line 478.
(pdftex.def)             Requested size: 155.24054pt x 120.85931pt.
<f7.pdf, id=175, 421.575pt x 316.18124pt>
File: f7.pdf Graphic file (type pdf)
<use f7.pdf>
Package pdftex.def Info: f7.pdf  used on input line 478.
(pdftex.def)             Requested size: 155.24054pt x 120.85931pt.
<f8.pdf, id=176, 421.575pt x 316.18124pt>
File: f8.pdf Graphic file (type pdf)
<use f8.pdf>
Package pdftex.def Info: f8.pdf  used on input line 487.
(pdftex.def)             Requested size: 155.24054pt x 120.85931pt.
<f9.pdf, id=177, 421.575pt x 316.18124pt>
File: f9.pdf Graphic file (type pdf)
<use f9.pdf>
Package pdftex.def Info: f9.pdf  used on input line 487.
(pdftex.def)             Requested size: 155.24054pt x 120.85931pt.
<f10.pdf, id=178, 421.575pt x 316.18124pt>
File: f10.pdf Graphic file (type pdf)
<use f10.pdf>
Package pdftex.def Info: f10.pdf  used on input line 487.
(pdftex.def)             Requested size: 155.24054pt x 120.85931pt.
[6]
Underfull \vbox (badness 10000) has occurred while \output is active []

 [7pdfTeX warning (ext4): destination with the same identifier (name{figure.2})
 has been already used, duplicate ignored
<argument> ...shipout:D \box_use:N \l_shipout_box 
                                                  
l.516 F
       irst, if there exists an augmenting path with only 1 edge(from $M^*$)...
 <./f2.pdf> <./f3.pdf> <./f4.pdf> <./f5.pdf> <./f6.pdf> <./f7.pdf> <./f8.pdf> <
./f9.pdf> <./f10.pdf>]
<f11.pdf, id=273, 421.575pt x 316.18124pt>
File: f11.pdf Graphic file (type pdf)
<use f11.pdf>
Package pdftex.def Info: f11.pdf  used on input line 538.
(pdftex.def)             Requested size: 155.24054pt x 120.85931pt.
<f12.pdf, id=274, 421.575pt x 316.18124pt>
File: f12.pdf Graphic file (type pdf)
<use f12.pdf>
Package pdftex.def Info: f12.pdf  used on input line 538.
(pdftex.def)             Requested size: 155.24054pt x 120.85931pt.
<f13.pdf, id=275, 421.575pt x 316.18124pt>
File: f13.pdf Graphic file (type pdf)
<use f13.pdf>
Package pdftex.def Info: f13.pdf  used on input line 538.
(pdftex.def)             Requested size: 155.24054pt x 120.85931pt.
<f14.pdf, id=276, 421.575pt x 316.18124pt>
File: f14.pdf Graphic file (type pdf)
<use f14.pdf>
Package pdftex.def Info: f14.pdf  used on input line 547.
(pdftex.def)             Requested size: 155.24054pt x 120.85931pt.
<f15.pdf, id=277, 421.575pt x 316.18124pt>
File: f15.pdf Graphic file (type pdf)
<use f15.pdf>
Package pdftex.def Info: f15.pdf  used on input line 547.
(pdftex.def)             Requested size: 155.24054pt x 120.85931pt.
<f16.pdf, id=278, 421.575pt x 316.18124pt>
File: f16.pdf Graphic file (type pdf)
<use f16.pdf>
Package pdftex.def Info: f16.pdf  used on input line 547.
(pdftex.def)             Requested size: 155.24054pt x 120.85931pt.
<f17.pdf, id=279, 421.575pt x 316.18124pt>
File: f17.pdf Graphic file (type pdf)
<use f17.pdf>
Package pdftex.def Info: f17.pdf  used on input line 562.
(pdftex.def)             Requested size: 155.24054pt x 120.85931pt.
<f18.pdf, id=280, 421.575pt x 316.18124pt>
File: f18.pdf Graphic file (type pdf)
<use f18.pdf>
Package pdftex.def Info: f18.pdf  used on input line 562.
(pdftex.def)             Requested size: 155.24054pt x 120.85931pt.
<f19.pdf, id=281, 421.575pt x 316.18124pt>
File: f19.pdf Graphic file (type pdf)
<use f19.pdf>
Package pdftex.def Info: f19.pdf  used on input line 562.
(pdftex.def)             Requested size: 155.24054pt x 120.85931pt.
<f20.pdf, id=282, 421.575pt x 316.18124pt>
File: f20.pdf Graphic file (type pdf)
<use f20.pdf>
Package pdftex.def Info: f20.pdf  used on input line 571.
(pdftex.def)             Requested size: 155.24054pt x 120.85931pt.
<f21.pdf, id=283, 421.575pt x 316.18124pt>
File: f21.pdf Graphic file (type pdf)
<use f21.pdf>
Package pdftex.def Info: f21.pdf  used on input line 571.
(pdftex.def)             Requested size: 155.24054pt x 120.85931pt.
<f22.pdf, id=284, 421.575pt x 316.18124pt>
File: f22.pdf Graphic file (type pdf)
<use f22.pdf>
Package pdftex.def Info: f22.pdf  used on input line 571.
(pdftex.def)             Requested size: 155.24054pt x 120.85931pt.
<f23.pdf, id=285, 421.575pt x 316.18124pt>
File: f23.pdf Graphic file (type pdf)
<use f23.pdf>
Package pdftex.def Info: f23.pdf  used on input line 580.
(pdftex.def)             Requested size: 155.24054pt x 120.85931pt.
<f24.pdf, id=286, 421.575pt x 316.18124pt>
File: f24.pdf Graphic file (type pdf)
<use f24.pdf>
Package pdftex.def Info: f24.pdf  used on input line 580.
(pdftex.def)             Requested size: 155.24054pt x 120.85931pt.
<f25.pdf, id=287, 421.575pt x 316.18124pt>
File: f25.pdf Graphic file (type pdf)
<use f25.pdf>
Package pdftex.def Info: f25.pdf  used on input line 580.
(pdftex.def)             Requested size: 155.24054pt x 120.85931pt.

Overfull \hbox (32.34384pt too wide) in paragraph at lines 595--595
[]\T1/ptm/b/n/8 Table 3 [] 
 []


Overfull \hbox (18.8104pt too wide) in paragraph at lines 607--607
[]|$\OML/cmm/m/it/8 \OT1/cmr/m/n/8 (\OML/cmm/m/it/8 RelaxedDistance\OT1/cmr/m/
n/8 )$| 
 []


Overfull \hbox (48.60301pt too wide) in paragraph at lines 609--609
[]|$\OML/cmm/m/it/8 \OT1/cmr/m/n/8 (\OML/cmm/m/it/8 NumberOfTimePeriods\OT1/cm
r/m/n/8 )$| 
 []


Overfull \hbox (6.92833pt too wide) in paragraph at lines 597--614
[][]
 []


Underfull \hbox (badness 10000) in paragraph at lines 597--614

 []

[8pdfTeX warning (ext4): destination with the same identifier (name{table.3}) h
as been already used, duplicate ignored
<argument> ...shipout:D \box_use:N \l_shipout_box 
                                                  
l.623 
      ]
Underfull \vbox (badness 10000) has occurred while \output is active []


Underfull \vbox (badness 10000) has occurred while \output is active []

 [9pdfTeX warning (ext4): destination with the same identifier (name{figure.3})
 has been already used, duplicate ignored
<argument> ...shipout:D \box_use:N \l_shipout_box 
                                                  
l.632 
       <./f11.pdf> <./f12.pdf> <./f13.pdf> <./f14.pdf> <./f15.pdf> <./f16.pdf>]

Underfull \vbox (badness 10000) has occurred while \output is active []


Underfull \vbox (badness 6741) has occurred while \output is active []

 [10pdfTeX warning (ext4): destination with the same identifier (name{figure.4}
) has been already used, duplicate ignored
<argument> ...shipout:D \box_use:N \l_shipout_box 
                                                  
l.642 
       <./f17.pdf> <./f18.pdf> <./f19.pdf> <./f20.pdf> <./f21.pdf> <./f22.pdf> 
<./f23.pdf> <./f24.pdf> <./f25.pdf>] (Main.bbl
LaTeX Font Info:    Font shape `U/lasy/b/n' in size <9> not available
(Font)              Font shape `U/lasy/m/n' tried instead on input line 164.

Underfull \hbox (badness 4303) in paragraph at lines 162--165
[]\T1/ptm/m/n/9 the New York City Taxi and Limou-sine Com-mis-sion.
 []


Underfull \hbox (badness 1122) in paragraph at lines 162--165
\T1/ptm/m/n/9 Tlc trip record data.  []$https : / / www1 . nyc . gov / site / t
lc / about /
 []


Underfull \vbox (badness 10000) has occurred while \output is active []

 [11])
Underfull \hbox (badness 10000) has occurred while \output is active

 []

- LAST -
Extra skip:11.0pt
Left:21.0pt/1.94843pt
Right:10.0pt/1.94843pt
Output:21.0pt
[12] (Main.aux)
Package rerunfilecheck Info: File `Main.out' has not changed.
(rerunfilecheck)             Checksum: 7C3BD61705A80077AA8E1E2DAFD22B45;127.


LaTeX Font Warning: Some font shapes were not available, defaults substituted.


LaTeX Warning: There were multiply-defined labels.

 ) 
Here is how much of TeX's memory you used:
 13259 strings out of 479804
 191597 string characters out of 2867433
 575558 words of memory out of 3000000
 29723 multiletter control sequences out of 15000+200000
 586795 words of font info for 123 fonts, out of 3000000 for 9000
 1141 hyphenation exceptions out of 8191
 80i,17n,85p,3261b,764s stack positions out of 5000i,500n,10000p,200000b,50000s
{C:/Users/irischloss/AppData/Local/Programs/MiKTeX/fonts/enc/dvips/base/8r.en
c}<C:/Users/irischloss/AppData/Local/Programs/MiKTeX/fonts/type1/public/amsfont
s/cm/cmbx10.pfb><C:/Users/irischloss/AppData/Local/Programs/MiKTeX/fonts/type1/
public/amsfonts/cm/cmex10.pfb><C:/Users/irischloss/AppData/Local/Programs/MiKTe
X/fonts/type1/public/amsfonts/cm/cmmi10.pfb><C:/Users/irischloss/AppData/Local/
Programs/MiKTeX/fonts/type1/public/amsfonts/cm/cmmi5.pfb><C:/Users/irischloss/A
ppData/Local/Programs/MiKTeX/fonts/type1/public/amsfonts/cm/cmmi6.pfb><C:/Users
/irischloss/AppData/Local/Programs/MiKTeX/fonts/type1/public/amsfonts/cm/cmmi7.
pfb><C:/Users/irischloss/AppData/Local/Programs/MiKTeX/fonts/type1/public/amsfo
nts/cm/cmmi8.pfb><C:/Users/irischloss/AppData/Local/Programs/MiKTeX/fonts/type1
/public/amsfonts/cm/cmr10.pfb><C:/Users/irischloss/AppData/Local/Programs/MiKTe
X/fonts/type1/public/amsfonts/cm/cmr5.pfb><C:/Users/irischloss/AppData/Local/Pr
ograms/MiKTeX/fonts/type1/public/amsfonts/cm/cmr6.pfb><C:/Users/irischloss/AppD
ata/Local/Programs/MiKTeX/fonts/type1/public/amsfonts/cm/cmr7.pfb><C:/Users/iri
schloss/AppData/Local/Programs/MiKTeX/fonts/type1/public/amsfonts/cm/cmr8.pfb><
C:/Users/irischloss/AppData/Local/Programs/MiKTeX/fonts/type1/public/amsfonts/c
m/cmsy10.pfb><C:/Users/irischloss/AppData/Local/Programs/MiKTeX/fonts/type1/pub
lic/amsfonts/cm/cmsy5.pfb><C:/Users/irischloss/AppData/Local/Programs/MiKTeX/fo
nts/type1/public/amsfonts/cm/cmsy7.pfb><C:/Users/irischloss/AppData/Local/Progr
ams/MiKTeX/fonts/type1/public/amsfonts/cm/cmsy8.pfb><C:/Users/irischloss/AppDat
a/Local/Programs/MiKTeX/fonts/type1/public/amsfonts/symbols/msbm10.pfb><C:/User
s/irischloss/AppData/Local/Programs/MiKTeX/fonts/type1/urw/times/utmb8a.pfb><C:
/Users/irischloss/AppData/Local/Programs/MiKTeX/fonts/type1/urw/times/utmr8a.pf
b><C:/Users/irischloss/AppData/Local/Programs/MiKTeX/fonts/type1/urw/times/utmr
i8a.pfb>
Output written on Main.pdf (12 pages, 458988 bytes).
PDF statistics:
 542 PDF objects out of 1000 (max. 8388607)
 151 named destinations out of 1000 (max. 500000)
 147 words of extra memory for PDF output out of 10000 (max. 10000000)

